
> abs@0.0.0 start
> ng serve --host 127.0.0.1 --port 4200

[33m>[39m Building...
[32m√[39m Building...
[1mInitial chunk files[22m[2m | [22m[1mNames[22m         [2m | [22m [1mRaw size[22m
[32mstyles.css[39m         [2m | [22m[2mstyles[22m        [2m | [22m [36m67.46 kB[39m[2m | [22m
[32mmain.js[39m            [2m | [22m[2mmain[22m          [2m | [22m [36m19.77 kB[39m[2m | [22m
[32mchunk-VSKVKMYN.js[39m  [2m | [22m[2m-[22m             [2m | [22m [36m16.34 kB[39m[2m | [22m
[32mchunk-CZJLB7T5.js[39m  [2m | [22m[2m-[22m             [2m | [22m  [36m1.08 kB[39m[2m | [22m
[32mchunk-6EZQLHSK.js[39m  [2m | [22m[2m-[22m             [2m | [22m[36m528 bytes[39m[2m | [22m

[1m [22m                  [2m | [22m[1mInitial total[22m [2m | [22m[1m105.18 kB[22m

[1mLazy chunk files[22m   [2m | [22m[1mNames[22m         [2m | [22m [1mRaw size[22m
[32mchunk-YI3ABK7L.js[39m  [2m | [22m[2mmain-routes[22m   [2m | [22m[36m940.88 kB[39m[2m | [22m
[32mchunk-KMHSYUWS.js[39m  [2m | [22m[2mtickets-routes[22m[2m | [22m[36m287.94 kB[39m[2m | [22m
[32mchunk-AAUPUDFJ.js[39m  [2m | [22m[2mauth-routes[22m   [2m | [22m[36m117.86 kB[39m[2m | [22m
[32mchunk-24227SW4.js[39m  [2m | [22m[2mprofile-routes[22m[2m | [22m[36m116.25 kB[39m[2m | [22m
[32mchunk-DDKRL7H7.js[39m  [2m | [22m[2m-[22m             [2m | [22m [36m11.64 kB[39m[2m | [22m
[32mchunk-2EHAQOOO.js[39m  [2m | [22m[2m-[22m             [2m | [22m  [36m7.03 kB[39m[2m | [22m
[32mchunk-6CWEYQTI.js[39m  [2m | [22m[2m-[22m             [2m | [22m  [36m2.19 kB[39m[2m | [22m
[32mchunk-P3UBXFRS.js[39m  [2m | [22m[2m-[22m             [2m | [22m  [36m1.45 kB[39m[2m | [22m
[32mchunk-MK3SYW34.js[39m  [2m | [22m[2m-[22m             [2m | [22m[36m183 bytes[39m[2m | [22m

Application bundle generation complete. [8.592 seconds] - 2026-05-14T14:11:59.818Z

Watch mode enabled. Watching for file changes...
NOTE: Raw file sizes do not reflect development server per-request transformations.
  [32m➜[39m  [1mLocal[22m:   [36mhttp://127.0.0.1:[1m4200[22m/[39m
